<?xml version="1.0" encoding="utf-8"?><testsuites name="pytest tests"><testsuite name="pytest" errors="0" failures="0" skipped="1" tests="15" time="6.451" timestamp="2026-05-11T18:54:03.414467+00:00" hostname="agent-env-dfe82098-7d91-4ec8-aca9-f290fde4a7da"><testcase classname="backend.tests.test_iter13_resources.TestAdminResourceConfig" name="test_admin_get_resource_config" time="0.489" /><testcase classname="backend.tests.test_iter13_resources.TestAdminResourceConfig" name="test_admin_resource_defaults_anchor" time="0.083" /><testcase classname="backend.tests.test_iter13_resources.TestAdminResourceConfig" name="test_non_admin_blocked" time="0.421" /><testcase classname="backend.tests.test_iter13_resources.TestAdminResourceConfig" name="test_admin_put_resource_config_persists" time="0.316" /><testcase classname="backend.tests.test_iter13_resources.TestAppResources" name="test_get_app_resources_shape" time="0.574" /><testcase classname="backend.tests.test_iter13_resources.TestAppResources" name="test_reset_addons_to_zero_first" time="0.368" /><testcase classname="backend.tests.test_iter13_resources.TestAppResources" name="test_upgrade_and_downgrade_refund" time="1.140" /><testcase classname="backend.tests.test_iter13_resources.TestAppResources" name="test_insufficient_credits_returns_402" time="0.507" /><testcase classname="backend.tests.test_iter13_resources.TestAppResources" name="test_final_reset_addons" time="0.376" /><testcase classname="backend.tests.test_iter13_resources.TestDatabaseConnections" name="test_list_connections_shape" time="0.113" /><testcase classname="backend.tests.test_iter13_resources.TestDatabaseConnections" name="test_attach_and_duplicate_envvar_and_detach" time="0.565" /><testcase classname="backend.tests.test_iter13_resources.TestDatabaseConnections" name="test_attach_cross_workspace_rejected" time="0.071"><skipped type="pytest.skip" message="demo workspace has no databases for cross-WS test">/app/backend/tests/test_iter13_resources.py:295: demo workspace has no databases for cross-WS test</skipped></testcase><testcase classname="backend.tests.test_iter13_resources.TestDatabaseConnections" name="test_attach_invalid_envvar_pattern" time="0.156" /><testcase classname="backend.tests.test_iter13_resources.TestAdminCreditAdjust" name="test_admin_adjust_credits_writes_to_users_credits_balance" time="0.382" /><testcase classname="backend.tests.test_iter13_resources.TestAdminCreditAdjust" name="test_admin_transactions_list_includes_adjustment" time="0.814" /></testsuite></testsuites>