<?xml version="1.0" encoding="utf-8"?><testsuites name="pytest tests"><testsuite name="pytest" errors="0" failures="0" skipped="0" tests="45" time="2.039" timestamp="2026-05-13T12:18:29.063964+00:00" hostname="agent-env-66e0c399-2aba-47e7-8376-6b0f823b124d"><testcase classname="backend.tests.test_iter18_custom_subdomain.TestPrerender" name="test_file_exists[-index.html]" time="0.001" /><testcase classname="backend.tests.test_iter18_custom_subdomain.TestPrerender" name="test_file_exists[pricing-pricing/index.html]" time="0.000" /><testcase classname="backend.tests.test_iter18_custom_subdomain.TestPrerender" name="test_file_exists[about-about/index.html]" time="0.000" /><testcase classname="backend.tests.test_iter18_custom_subdomain.TestPrerender" name="test_file_exists[login-login/index.html]" time="0.000" /><testcase classname="backend.tests.test_iter18_custom_subdomain.TestPrerender" name="test_file_exists[register-register/index.html]" time="0.000" /><testcase classname="backend.tests.test_iter18_custom_subdomain.TestPrerender" name="test_file_exists[forgot-password-forgot-password/index.html]" time="0.000" /><testcase classname="backend.tests.test_iter18_custom_subdomain.TestPrerender" name="test_file_exists[status-status/index.html]" time="0.000" /><testcase classname="backend.tests.test_iter18_custom_subdomain.TestPrerender" name="test_file_exists[contact-contact/index.html]" time="0.000" /><testcase classname="backend.tests.test_iter18_custom_subdomain.TestPrerender" name="test_file_exists[support-support/index.html]" time="0.000" /><testcase classname="backend.tests.test_iter18_custom_subdomain.TestPrerender" name="test_root_div_has_real_content[-index.html]" time="0.002" /><testcase classname="backend.tests.test_iter18_custom_subdomain.TestPrerender" name="test_root_div_has_real_content[pricing-pricing/index.html]" time="0.000" /><testcase classname="backend.tests.test_iter18_custom_subdomain.TestPrerender" name="test_root_div_has_real_content[about-about/index.html]" time="0.001" /><testcase classname="backend.tests.test_iter18_custom_subdomain.TestPrerender" name="test_root_div_has_real_content[login-login/index.html]" time="0.000" /><testcase classname="backend.tests.test_iter18_custom_subdomain.TestPrerender" name="test_root_div_has_real_content[register-register/index.html]" time="0.000" /><testcase classname="backend.tests.test_iter18_custom_subdomain.TestPrerender" name="test_root_div_has_real_content[forgot-password-forgot-password/index.html]" time="0.000" /><testcase classname="backend.tests.test_iter18_custom_subdomain.TestPrerender" name="test_root_div_has_real_content[status-status/index.html]" time="0.000" /><testcase classname="backend.tests.test_iter18_custom_subdomain.TestPrerender" name="test_root_div_has_real_content[contact-contact/index.html]" time="0.001" /><testcase classname="backend.tests.test_iter18_custom_subdomain.TestPrerender" name="test_root_div_has_real_content[support-support/index.html]" time="0.001" /><testcase classname="backend.tests.test_iter18_custom_subdomain.TestPrerender" name="test_canonical_and_og_url_use_https_deployunit[-index.html]" time="0.001" /><testcase classname="backend.tests.test_iter18_custom_subdomain.TestPrerender" name="test_canonical_and_og_url_use_https_deployunit[pricing-pricing/index.html]" time="0.000" /><testcase classname="backend.tests.test_iter18_custom_subdomain.TestPrerender" name="test_canonical_and_og_url_use_https_deployunit[about-about/index.html]" time="0.000" /><testcase classname="backend.tests.test_iter18_custom_subdomain.TestPrerender" name="test_canonical_and_og_url_use_https_deployunit[login-login/index.html]" time="0.000" /><testcase classname="backend.tests.test_iter18_custom_subdomain.TestPrerender" name="test_canonical_and_og_url_use_https_deployunit[register-register/index.html]" time="0.000" /><testcase classname="backend.tests.test_iter18_custom_subdomain.TestPrerender" name="test_canonical_and_og_url_use_https_deployunit[forgot-password-forgot-password/index.html]" time="0.000" /><testcase classname="backend.tests.test_iter18_custom_subdomain.TestPrerender" name="test_canonical_and_og_url_use_https_deployunit[status-status/index.html]" time="0.000" /><testcase classname="backend.tests.test_iter18_custom_subdomain.TestPrerender" name="test_canonical_and_og_url_use_https_deployunit[contact-contact/index.html]" time="0.000" /><testcase classname="backend.tests.test_iter18_custom_subdomain.TestPrerender" name="test_canonical_and_og_url_use_https_deployunit[support-support/index.html]" time="0.000" /><testcase classname="backend.tests.test_iter18_custom_subdomain.TestSchedulerRegistration" name="test_verify_pending_subdomains_registered_every_30s" time="0.000" /><testcase classname="backend.tests.test_iter18_custom_subdomain.TestValidateName" name="test_too_short" time="0.108" /><testcase classname="backend.tests.test_iter18_custom_subdomain.TestValidateName" name="test_reserved" time="0.000" /><testcase classname="backend.tests.test_iter18_custom_subdomain.TestValidateName" name="test_reserved_list_has_60_plus_entries" time="0.000" /><testcase classname="backend.tests.test_iter18_custom_subdomain.TestValidateName" name="test_invalid_chars" time="0.000" /><testcase classname="backend.tests.test_iter18_custom_subdomain.TestValidateName" name="test_valid_names" time="0.000" /><testcase classname="backend.tests.test_iter18_custom_subdomain.TestCustomSubdomainAPI" name="test_state_none_when_not_requested" time="0.481" /><testcase classname="backend.tests.test_iter18_custom_subdomain.TestCustomSubdomainAPI" name="test_check_too_short" time="0.053" /><testcase classname="backend.tests.test_iter18_custom_subdomain.TestCustomSubdomainAPI" name="test_check_reserved[admin]" time="0.051" /><testcase classname="backend.tests.test_iter18_custom_subdomain.TestCustomSubdomainAPI" name="test_check_reserved[api]" time="0.051" /><testcase classname="backend.tests.test_iter18_custom_subdomain.TestCustomSubdomainAPI" name="test_check_reserved[www]" time="0.051" /><testcase classname="backend.tests.test_iter18_custom_subdomain.TestCustomSubdomainAPI" name="test_check_invalid_chars" time="0.060" /><testcase classname="backend.tests.test_iter18_custom_subdomain.TestCustomSubdomainAPI" name="test_check_valid_name_cf_not_configured" time="0.058" /><testcase classname="backend.tests.test_iter18_custom_subdomain.TestCustomSubdomainAPI" name="test_post_reserved_returns_400" time="0.063" /><testcase classname="backend.tests.test_iter18_custom_subdomain.TestCustomSubdomainAPI" name="test_post_unknown_app_returns_404" time="0.056" /><testcase classname="backend.tests.test_iter18_custom_subdomain.TestCustomSubdomainAPI" name="test_post_non_member_returns_403" time="0.464" /><testcase classname="backend.tests.test_iter18_custom_subdomain.TestCustomSubdomainAPI" name="test_delete_noop_when_nothing_pending" time="0.052" /><testcase classname="backend.tests.test_iter18_custom_subdomain.TestCreditPacksRegression" name="test_get_admin_credit_packs_200" time="0.378" /></testsuite></testsuites>