<?xml version="1.0" encoding="utf-8"?><testsuites name="pytest tests"><testsuite name="pytest" errors="0" failures="0" skipped="0" tests="17" time="2.775" timestamp="2026-05-13T11:33:38.805562+00:00" hostname="agent-env-66e0c399-2aba-47e7-8376-6b0f823b124d"><testcase classname="backend.tests.test_iter17_credit_packs.TestAdminListPacks" name="test_admin_get_returns_defaults_after_reset" time="0.539" /><testcase classname="backend.tests.test_iter17_credit_packs.TestAdminListPacks" name="test_non_admin_forbidden" time="0.402" /><testcase classname="backend.tests.test_iter17_credit_packs.TestAdminListPacks" name="test_anonymous_forbidden" time="0.118" /><testcase classname="backend.tests.test_iter17_credit_packs.TestAdminUpdateValidation" name="test_reject_empty_list" time="0.049" /><testcase classname="backend.tests.test_iter17_credit_packs.TestAdminUpdateValidation" name="test_reject_duplicate_ids" time="0.050" /><testcase classname="backend.tests.test_iter17_credit_packs.TestAdminUpdateValidation" name="test_reject_zero_credits" time="0.048" /><testcase classname="backend.tests.test_iter17_credit_packs.TestAdminUpdateValidation" name="test_reject_zero_price" time="0.053" /><testcase classname="backend.tests.test_iter17_credit_packs.TestAdminUpdateValidation" name="test_reject_invalid_id_chars" time="0.051" /><testcase classname="backend.tests.test_iter17_credit_packs.TestAdminUpdateValidation" name="test_non_admin_cannot_put" time="0.044" /><testcase classname="backend.tests.test_iter17_credit_packs.TestPersistenceAndPublic" name="test_put_persists_custom_catalog" time="0.050" /><testcase classname="backend.tests.test_iter17_credit_packs.TestPersistenceAndPublic" name="test_admin_get_returns_saved_catalog" time="0.048" /><testcase classname="backend.tests.test_iter17_credit_packs.TestPersistenceAndPublic" name="test_account_credits_packs_public" time="0.048" /><testcase classname="backend.tests.test_iter17_credit_packs.TestPersistenceAndPublic" name="test_credits_packs_public" time="0.149" /><testcase classname="backend.tests.test_iter17_credit_packs.TestPersistenceAndPublic" name="test_checkout_accepts_custom_pack_id" time="0.513" /><testcase classname="backend.tests.test_iter17_credit_packs.TestPersistenceAndPublic" name="test_checkout_unknown_pack_returns_400" time="0.052" /><testcase classname="backend.tests.test_iter17_credit_packs.TestReset" name="test_reset_restores_defaults" time="0.194" /><testcase classname="backend.tests.test_iter17_credit_packs.TestReset" name="test_non_admin_cannot_reset" time="0.094" /></testsuite></testsuites>