<?xml version="1.0" encoding="utf-8"?><testsuites name="pytest tests"><testsuite name="pytest" errors="0" failures="0" skipped="0" tests="25" time="66.229" timestamp="2026-05-06T14:09:18.655280+00:00" hostname="agent-env-52f86f17-d633-4e43-99b4-70eee65b877b"><testcase classname="backend.tests.backend_test.TestHealth" name="test_health" time="0.291" /><testcase classname="backend.tests.backend_test.TestHealth" name="test_root" time="0.139" /><testcase classname="backend.tests.backend_test.TestAuth" name="test_register_new_user_sets_cookies_and_bootstraps_workspace" time="0.648" /><testcase classname="backend.tests.backend_test.TestAuth" name="test_register_duplicate_email_rejected" time="0.817" /><testcase classname="backend.tests.backend_test.TestAuth" name="test_login_demo_and_me" time="0.217" /><testcase classname="backend.tests.backend_test.TestAuth" name="test_auth_required_without_cookie_returns_401" time="0.550" /><testcase classname="backend.tests.backend_test.TestAuth" name="test_brute_force_lockout_returns_429" time="1.480" /><testcase classname="backend.tests.backend_test.TestWorkspaces" name="test_list_workspaces_demo_is_owner_of_acme" time="0.173" /><testcase classname="backend.tests.backend_test.TestWorkspaces" name="test_create_agency_workspace" time="0.459" /><testcase classname="backend.tests.backend_test.TestProjects" name="test_list_projects_seeded_novabrew" time="0.429" /><testcase classname="backend.tests.backend_test.TestProjects" name="test_create_get_delete_project" time="0.676" /><testcase classname="backend.tests.backend_test.TestApps" name="test_list_seeded_apps" time="0.128" /><testcase classname="backend.tests.backend_test.TestApps" name="test_create_app_and_stub_completes" time="54.082" /><testcase classname="backend.tests.backend_test.TestDomains" name="test_create_verify_list_and_duplicate_domain" time="0.557" /><testcase classname="backend.tests.backend_test.TestMonitoring" name="test_overview" time="0.097" /><testcase classname="backend.tests.backend_test.TestAlerts" name="test_alert_crud" time="0.514" /><testcase classname="backend.tests.backend_test.TestBilling" name="test_plans" time="0.182" /><testcase classname="backend.tests.backend_test.TestBilling" name="test_subscription_and_hobby_checkout" time="0.195" /><testcase classname="backend.tests.backend_test.TestBilling" name="test_pro_checkout_whmcs_best_effort" time="0.820" /><testcase classname="backend.tests.backend_test.TestBilling" name="test_invoices_list" time="0.108" /><testcase classname="backend.tests.backend_test.TestNotifications" name="test_notifications_flow" time="0.301" /><testcase classname="backend.tests.backend_test.TestGitHub" name="test_repos_returns_5" time="0.080" /><testcase classname="backend.tests.backend_test.TestSettings" name="test_update_name_and_change_password" time="1.649" /><testcase classname="backend.tests.backend_test.TestIntegrations" name="test_integrations_health" time="1.059" /><testcase classname="backend.tests.backend_test.TestIsolation" name="test_stranger_cannot_read_others_apps" time="0.500" /></testsuite></testsuites>