<?xml version="1.0" encoding="utf-8"?><testsuites name="pytest tests"><testsuite name="pytest" errors="0" failures="0" skipped="0" tests="13" time="2.841" timestamp="2026-05-12T13:08:13.168132+00:00" hostname="agent-env-81fb5d3b-cb49-42e7-bf64-8969135782aa"><testcase classname="backend.tests.test_subdomain_pool.TestSubdomainPoolAccess" name="test_get_pool_anonymous_401" time="0.385" /><testcase classname="backend.tests.test_subdomain_pool.TestSubdomainPoolAccess" name="test_get_pool_non_admin_403" time="0.443" /><testcase classname="backend.tests.test_subdomain_pool.TestSubdomainPoolAccess" name="test_get_pool_admin_ok" time="0.421" /><testcase classname="backend.tests.test_subdomain_pool.TestSubdomainPoolRefill" name="test_refill_non_admin_403" time="0.072" /><testcase classname="backend.tests.test_subdomain_pool.TestSubdomainPoolRefill" name="test_refill_admin_no_cloudflare_returns_zero" time="0.066" /><testcase classname="backend.tests.test_subdomain_pool.TestSubdomainPoolTargetPersistence" name="test_set_target_20_persists" time="0.201" /><testcase classname="backend.tests.test_subdomain_pool.TestSubdomainPoolTargetPersistence" name="test_set_target_999_clamps_to_50" time="0.136" /><testcase classname="backend.tests.test_subdomain_pool.TestSubdomainPoolTargetPersistence" name="test_set_target_negative_clamps_to_0" time="0.140" /><testcase classname="backend.tests.test_subdomain_pool.TestSubdomainPoolTargetPersistence" name="test_set_target_zero_disables_pool" time="0.128" /><testcase classname="backend.tests.test_subdomain_pool.TestSubdomainPoolTargetPersistence" name="test_set_target_invalid_type_returns_422" time="0.059" /><testcase classname="backend.tests.test_subdomain_pool.TestAdminRegression" name="test_get_platform_settings_ok" time="0.065" /><testcase classname="backend.tests.test_subdomain_pool.TestAdminRegression" name="test_put_platform_settings_without_pool_target_works" time="0.124" /><testcase classname="backend.tests.test_subdomain_pool.TestAdminRegression" name="test_get_integrations_ok" time="0.394" /></testsuite></testsuites>