<?xml version="1.0" encoding="utf-8"?><testsuites name="pytest tests"><testsuite name="pytest" errors="0" failures="0" skipped="0" tests="58" time="39.444" timestamp="2026-05-06T19:16:34.485156+00:00" hostname="agent-env-52f86f17-d633-4e43-99b4-70eee65b877b"><testcase classname="backend.tests.backend_test.TestHealth" name="test_health" time="0.166" /><testcase classname="backend.tests.backend_test.TestHealth" name="test_root" time="0.167" /><testcase classname="backend.tests.backend_test.TestAuth" name="test_register_new_user_sets_cookies_and_bootstraps_workspace" time="0.449" /><testcase classname="backend.tests.backend_test.TestAuth" name="test_register_duplicate_email_rejected" time="0.576" /><testcase classname="backend.tests.backend_test.TestAuth" name="test_login_demo_and_me" time="0.066" /><testcase classname="backend.tests.backend_test.TestAuth" name="test_auth_required_without_cookie_returns_401" time="0.254" /><testcase classname="backend.tests.backend_test.TestAuth" name="test_brute_force_lockout_returns_429" time="1.038" /><testcase classname="backend.tests.backend_test.TestWorkspaces" name="test_list_workspaces_demo_is_owner_of_acme" time="0.074" /><testcase classname="backend.tests.backend_test.TestWorkspaces" name="test_create_agency_workspace" time="0.127" /><testcase classname="backend.tests.backend_test.TestProjects" name="test_list_projects_seeded_novabrew" time="0.131" /><testcase classname="backend.tests.backend_test.TestProjects" name="test_create_get_delete_project" time="0.219" /><testcase classname="backend.tests.backend_test.TestApps" name="test_list_seeded_apps" time="0.070" /><testcase classname="backend.tests.backend_test.TestApps" name="test_create_app_and_stub_completes" time="16.809" /><testcase classname="backend.tests.backend_test.TestAppsIter4" name="test_patch_app_updates_fields_and_is_idempotent" time="0.839" /><testcase classname="backend.tests.backend_test.TestAppsIter4" name="test_github_branches_fallback_no_token" time="0.138" /><testcase classname="backend.tests.backend_test.TestAppsIter4" name="test_github_branches_invalid_url_returns_empty" time="0.079" /><testcase classname="backend.tests.backend_test.TestAppsIter4" name="test_github_commits_no_token_returns_empty" time="0.075" /><testcase classname="backend.tests.backend_test.TestAppsIter4" name="test_redeploy_with_branch_and_commit" time="1.080" /><testcase classname="backend.tests.backend_test.TestAppsIter4" name="test_redeploy_empty_body_uses_current_branch" time="0.733" /><testcase classname="backend.tests.backend_test.TestAppsIter5" name="test_patch_tier_and_protected_branches" time="0.339" /><testcase classname="backend.tests.backend_test.TestAppsIter5" name="test_redeploy_branch_protection_403_and_allowed_200" time="0.955" /><testcase classname="backend.tests.backend_test.TestAppsIter5" name="test_rollback_creates_new_deployment" time="0.783" /><testcase classname="backend.tests.backend_test.TestAppsIter5" name="test_rollback_inflight_returns_400" time="0.425" /><testcase classname="backend.tests.backend_test.TestAppsIter5" name="test_rollback_branch_protection_403" time="0.336" /><testcase classname="backend.tests.backend_test.TestAppsIter5" name="test_health_endpoint_with_url" time="0.362" /><testcase classname="backend.tests.backend_test.TestAppsIter5" name="test_health_endpoint_no_url" time="0.499" /><testcase classname="backend.tests.backend_test.TestAppsIter5" name="test_no_app_stuck_building_indefinitely" time="0.303" /><testcase classname="backend.tests.backend_test.TestIter6LogParser" name="test_severity_classification" time="0.001" /><testcase classname="backend.tests.backend_test.TestIter6AutoDetectBranch" name="test_autodetect_canary_for_vercel_nextjs" time="0.299" /><testcase classname="backend.tests.backend_test.TestIter6AutoDetectBranch" name="test_shadcn_ui_main_stays_main" time="0.392" /><testcase classname="backend.tests.backend_test.TestIter6AutoDetectBranch" name="test_non_github_url_falls_back" time="0.135" /><testcase classname="backend.tests.backend_test.TestIter6DeploymentAnnotations" name="test_deployment_rows_have_parsed_logs_and_counts" time="0.175" /><testcase classname="backend.tests.backend_test.TestIter6DeploymentAnnotations" name="test_novabrew_web_has_failure_summary" time="0.164" /><testcase classname="backend.tests.backend_test.TestIter6SSEStream" name="test_sse_unauthorized_without_cookie" time="0.504" /><testcase classname="backend.tests.backend_test.TestIter6SSEStream" name="test_sse_emits_event_line" time="0.597" /><testcase classname="backend.tests.backend_test.TestDomains" name="test_create_verify_list_and_duplicate_domain" time="0.482" /><testcase classname="backend.tests.backend_test.TestMonitoring" name="test_overview" time="0.071" /><testcase classname="backend.tests.backend_test.TestAlerts" name="test_alert_crud" time="0.393" /><testcase classname="backend.tests.backend_test.TestBilling" name="test_plans_eur" time="0.148" /><testcase classname="backend.tests.backend_test.TestBilling" name="test_countries_27_eu_plus_extras" time="0.138" /><testcase classname="backend.tests.backend_test.TestBilling" name="test_profile_nl_b2c_returns_21" time="0.139" /><testcase classname="backend.tests.backend_test.TestBilling" name="test_profile_de_b2c_returns_19" time="0.065" /><testcase classname="backend.tests.backend_test.TestBilling" name="test_profile_us_returns_zero" time="0.062" /><testcase classname="backend.tests.backend_test.TestBilling" name="test_profile_de_invalid_vat_falls_back_to_b2c" time="0.070" /><testcase classname="backend.tests.backend_test.TestBilling" name="test_vat_validate_malformed" time="0.067" /><testcase classname="backend.tests.backend_test.TestBilling" name="test_vat_validate_invalid_or_unreachable" time="0.464" /><testcase classname="backend.tests.backend_test.TestBilling" name="test_hobby_checkout_returns_active_no_url" time="0.067" /><testcase classname="backend.tests.backend_test.TestBilling" name="test_pro_checkout_requires_profile_then_returns_mollie_url" time="2.912" /><testcase classname="backend.tests.backend_test.TestBilling" name="test_pro_checkout_without_profile_returns_400" time="0.508" /><testcase classname="backend.tests.backend_test.TestBilling" name="test_cancel_drops_workspace_to_hobby" time="0.133" /><testcase classname="backend.tests.backend_test.TestBilling" name="test_invoices_list_shape" time="0.067" /><testcase classname="backend.tests.backend_test.TestBilling" name="test_invoice_pdf_404_for_unknown" time="0.085" /><testcase classname="backend.tests.backend_test.TestBilling" name="test_webhook_unknown_payment_returns_200" time="0.327" /><testcase classname="backend.tests.backend_test.TestNotifications" name="test_notifications_flow" time="0.208" /><testcase classname="backend.tests.backend_test.TestGitHub" name="test_repos_returns_5" time="0.080" /><testcase classname="backend.tests.backend_test.TestSettings" name="test_update_name_and_change_password" time="1.623" /><testcase classname="backend.tests.backend_test.TestIntegrations" name="test_integrations_health" time="1.423" /><testcase classname="backend.tests.backend_test.TestIsolation" name="test_stranger_cannot_read_others_apps" time="0.458" /></testsuite></testsuites>