<?xml version="1.0" encoding="utf-8"?><testsuites name="pytest tests"><testsuite name="pytest" errors="0" failures="0" skipped="0" tests="19" time="2.976" timestamp="2026-05-11T22:34:07.002416+00:00" hostname="agent-env-fc5b6171-7ff0-40c1-8907-c5d311f5e1bb"><testcase classname="backend.tests.test_tickets" name="test_create_ticket_minimum_validation" time="0.434" /><testcase classname="backend.tests.test_tickets" name="test_list_my_tickets_contains_new" time="0.099" /><testcase classname="backend.tests.test_tickets" name="test_user_detail_has_initial_message" time="0.051" /><testcase classname="backend.tests.test_tickets" name="test_other_user_forbidden" time="0.672" /><testcase classname="backend.tests.test_tickets" name="test_anonymous_unauthenticated" time="0.127" /><testcase classname="backend.tests.test_tickets" name="test_user_reply_flips_to_awaiting_support" time="0.516" /><testcase classname="backend.tests.test_tickets" name="test_non_admin_forbidden_on_admin_routes" time="0.105" /><testcase classname="backend.tests.test_tickets" name="test_admin_list_filters_and_pagination" time="0.101" /><testcase classname="backend.tests.test_tickets" name="test_admin_stats_keys" time="0.051" /><testcase classname="backend.tests.test_tickets" name="test_admin_detail_includes_user_email" time="0.050" /><testcase classname="backend.tests.test_tickets" name="test_admin_reply_flips_to_awaiting_user" time="0.120" /><testcase classname="backend.tests.test_tickets" name="test_admin_patch_invalid_status_400" time="0.072" /><testcase classname="backend.tests.test_tickets" name="test_admin_patch_valid_updates" time="0.055" /><testcase classname="backend.tests.test_tickets" name="test_user_close_own_ticket_then_reply_blocked" time="0.156" /><testcase classname="backend.tests.test_tickets" name="test_stats_reflect_closed" time="0.054" /><testcase classname="backend.tests.test_tickets" name="test_regression_user_endpoints[/api/auth/me]" time="0.054" /><testcase classname="backend.tests.test_tickets" name="test_regression_user_endpoints[/api/account]" time="0.053" /><testcase classname="backend.tests.test_tickets" name="test_regression_admin_endpoints[/api/admin/users]" time="0.060" /><testcase classname="backend.tests.test_tickets" name="test_regression_admin_endpoints[/api/admin/tickets/stats]" time="0.053" /></testsuite></testsuites>