<?xml version="1.0" encoding="utf-8"?><testsuites name="pytest tests"><testsuite name="pytest" errors="0" failures="1" skipped="0" tests="36" time="65.792" timestamp="2026-05-06T15:49:49.771932+00:00" hostname="agent-env-52f86f17-d633-4e43-99b4-70eee65b877b"><testcase classname="backend.tests.backend_test.TestHealth" name="test_health" time="0.362" /><testcase classname="backend.tests.backend_test.TestHealth" name="test_root" time="0.146" /><testcase classname="backend.tests.backend_test.TestAuth" name="test_register_new_user_sets_cookies_and_bootstraps_workspace" time="0.458" /><testcase classname="backend.tests.backend_test.TestAuth" name="test_register_duplicate_email_rejected" time="0.480" /><testcase classname="backend.tests.backend_test.TestAuth" name="test_login_demo_and_me" time="0.073" /><testcase classname="backend.tests.backend_test.TestAuth" name="test_auth_required_without_cookie_returns_401" time="0.345" /><testcase classname="backend.tests.backend_test.TestAuth" name="test_brute_force_lockout_returns_429" time="0.764" /><testcase classname="backend.tests.backend_test.TestWorkspaces" name="test_list_workspaces_demo_is_owner_of_acme" time="0.077" /><testcase classname="backend.tests.backend_test.TestWorkspaces" name="test_create_agency_workspace" time="0.165" /><testcase classname="backend.tests.backend_test.TestProjects" name="test_list_projects_seeded_novabrew" time="0.145" /><testcase classname="backend.tests.backend_test.TestProjects" name="test_create_get_delete_project" time="0.246" /><testcase classname="backend.tests.backend_test.TestApps" name="test_list_seeded_apps" time="0.077" /><testcase classname="backend.tests.backend_test.TestApps" name="test_create_app_and_stub_completes" time="52.434" /><testcase classname="backend.tests.backend_test.TestDomains" name="test_create_verify_list_and_duplicate_domain" time="0.471" /><testcase classname="backend.tests.backend_test.TestMonitoring" name="test_overview" time="0.087" /><testcase classname="backend.tests.backend_test.TestAlerts" name="test_alert_crud" time="0.377" /><testcase classname="backend.tests.backend_test.TestBilling" name="test_plans_eur" time="0.186" /><testcase classname="backend.tests.backend_test.TestBilling" name="test_countries_27_eu_plus_extras" time="0.132" /><testcase classname="backend.tests.backend_test.TestBilling" name="test_profile_nl_b2c_returns_21" time="0.160" /><testcase classname="backend.tests.backend_test.TestBilling" name="test_profile_de_b2c_returns_19" time="0.079" /><testcase classname="backend.tests.backend_test.TestBilling" name="test_profile_us_returns_zero" time="0.078" /><testcase classname="backend.tests.backend_test.TestBilling" name="test_profile_de_invalid_vat_falls_back_to_b2c" time="0.073" /><testcase classname="backend.tests.backend_test.TestBilling" name="test_vat_validate_malformed" time="0.076"><failure message="AssertionError: assert 'not_eu' == 'format'&#10;  &#10;  - format&#10;  + not_eu">backend/tests/backend_test.py:344: in test_vat_validate_malformed
    assert d.get("error") == "format"
E   AssertionError: assert 'not_eu' == 'format'
E     
E     - format
E     + not_eu</failure></testcase><testcase classname="backend.tests.backend_test.TestBilling" name="test_vat_validate_invalid_or_unreachable" time="0.566" /><testcase classname="backend.tests.backend_test.TestBilling" name="test_hobby_checkout_returns_active_no_url" time="0.074" /><testcase classname="backend.tests.backend_test.TestBilling" name="test_pro_checkout_requires_profile_then_returns_mollie_url" time="2.637" /><testcase classname="backend.tests.backend_test.TestBilling" name="test_pro_checkout_without_profile_returns_400" time="0.520" /><testcase classname="backend.tests.backend_test.TestBilling" name="test_cancel_drops_workspace_to_hobby" time="0.156" /><testcase classname="backend.tests.backend_test.TestBilling" name="test_invoices_list_shape" time="0.084" /><testcase classname="backend.tests.backend_test.TestBilling" name="test_invoice_pdf_404_for_unknown" time="0.115" /><testcase classname="backend.tests.backend_test.TestBilling" name="test_webhook_unknown_payment_returns_200" time="0.307" /><testcase classname="backend.tests.backend_test.TestNotifications" name="test_notifications_flow" time="0.231" /><testcase classname="backend.tests.backend_test.TestGitHub" name="test_repos_returns_5" time="0.087" /><testcase classname="backend.tests.backend_test.TestSettings" name="test_update_name_and_change_password" time="1.722" /><testcase classname="backend.tests.backend_test.TestIntegrations" name="test_integrations_health" time="1.117" /><testcase classname="backend.tests.backend_test.TestIsolation" name="test_stranger_cannot_read_others_apps" time="0.433" /></testsuite></testsuites>