<?xml version="1.0" encoding="utf-8"?><testsuites name="pytest tests"><testsuite name="pytest" errors="0" failures="2" skipped="0" tests="31" time="9.682" timestamp="2026-05-11T14:37:43.902299+00:00" hostname="agent-env-0ef3ea6a-06ee-4181-8e18-b73f14dbb73f"><testcase classname="backend.tests.test_iter10_sprint5.TestAuditInfra" name="test_login_writes_audit_row" time="1.157" /><testcase classname="backend.tests.test_iter10_sprint5.TestAuditInfra" name="test_app_create_and_delete_audit" time="1.066" /><testcase classname="backend.tests.test_iter10_sprint5.TestAuditReadAPI" name="test_workspace_audit_sorted_desc" time="0.072" /><testcase classname="backend.tests.test_iter10_sprint5.TestAuditReadAPI" name="test_action_filter" time="0.067" /><testcase classname="backend.tests.test_iter10_sprint5.TestAuditReadAPI" name="test_cursor_pagination_via_before" time="0.137" /><testcase classname="backend.tests.test_iter10_sprint5.TestAuditReadAPI" name="test_non_member_returns_403" time="0.072" /><testcase classname="backend.tests.test_iter10_sprint5.TestAuditReadAPI" name="test_no_workspace_requires_admin" time="0.481" /><testcase classname="backend.tests.test_iter10_sprint5.TestAuditReadAPI" name="test_actions_endpoint" time="0.071" /><testcase classname="backend.tests.test_iter10_sprint5.TestNotificationPrefs" name="test_supported_channels_include_slack_discord" time="0.070" /><testcase classname="backend.tests.test_iter10_sprint5.TestNotificationPrefs" name="test_put_validates_slack_url" time="0.066" /><testcase classname="backend.tests.test_iter10_sprint5.TestNotificationPrefs" name="test_put_validates_discord_url" time="0.069" /><testcase classname="backend.tests.test_iter10_sprint5.TestNotificationPrefs" name="test_put_accepts_empty_and_valid_urls" time="0.070" /><testcase classname="backend.tests.test_iter10_sprint5.TestNotificationPrefs" name="test_test_send_slack_no_url_returns_skipped" time="0.145"><failure message="AssertionError: unexpected shape: []&#10;assert (True and 0 &gt;= 1)&#10; +  where True = isinstance([], list)&#10; +  and   0 = len([])">E   AssertionError: unexpected shape: []
    assert (True and 0 &gt;= 1)
     +  where True = isinstance([], list)
     +  and   0 = len([])</failure></testcase><testcase classname="backend.tests.test_iter10_sprint5.TestNotificationPrefs" name="test_test_send_discord_no_url_returns_skipped" time="0.137"><failure message="AssertionError: unexpected shape: []&#10;assert (True and 0 &gt;= 1)&#10; +  where True = isinstance([], list)&#10; +  and   0 = len([])">E   AssertionError: unexpected shape: []
    assert (True and 0 &gt;= 1)
     +  where True = isinstance([], list)
     +  and   0 = len([])</failure></testcase><testcase classname="backend.tests.test_iter10_sprint5.TestNotificationPrefs" name="test_test_send_invalid_channel_returns_400" time="0.088" /><testcase classname="backend.tests.test_iter10_sprint5.TestCron" name="test_list_initially_empty" time="0.277" /><testcase classname="backend.tests.test_iter10_sprint5.TestCron" name="test_create_invalid_schedule_400" time="0.069" /><testcase classname="backend.tests.test_iter10_sprint5.TestCron" name="test_create_list_update_delete" time="1.023" /><testcase classname="backend.tests.test_iter10_sprint5.TestDatabases" name="test_list_returns_supported_types" time="0.070" /><testcase classname="backend.tests.test_iter10_sprint5.TestDatabases" name="test_create_postgres_provisioning" time="0.628" /><testcase classname="backend.tests.test_iter10_sprint5.TestDatabases" name="test_reveal_not_provisioned" time="0.070" /><testcase classname="backend.tests.test_iter10_sprint5.TestDatabases" name="test_invalid_type_400" time="0.072" /><testcase classname="backend.tests.test_iter10_sprint5.TestDatabases" name="test_start_stop_lifecycle" time="0.138" /><testcase classname="backend.tests.test_iter10_sprint5.TestDatabases" name="test_delete_db_and_audit" time="0.440" /><testcase classname="backend.tests.test_iter10_sprint5.TestPRPreviews" name="test_list_empty" time="0.300" /><testcase classname="backend.tests.test_iter10_sprint5.TestPRPreviews" name="test_opened_creates_preview" time="0.382" /><testcase classname="backend.tests.test_iter10_sprint5.TestPRPreviews" name="test_synchronize_updates_branch" time="0.296" /><testcase classname="backend.tests.test_iter10_sprint5.TestPRPreviews" name="test_closed_marks_status_closed" time="1.285" /><testcase classname="backend.tests.test_iter10_sprint5.TestPRPreviews" name="test_manual_teardown_endpoint" time="0.428" /><testcase classname="backend.tests.test_iter10_sprint5.TestRegression" name="test_push_webhook_still_queues" time="0.215" /><testcase classname="backend.tests.test_iter10_sprint5.TestRegression" name="test_demo_workspace_on_agency_plan" time="0.142" /></testsuite></testsuites>