<?xml version="1.0" encoding="utf-8"?><testsuites name="pytest tests"><testsuite name="pytest" errors="0" failures="0" skipped="0" tests="14" time="18.804" timestamp="2026-05-11T13:24:03.313129+00:00" hostname="agent-env-0ef3ea6a-06ee-4181-8e18-b73f14dbb73f"><testcase classname="backend.tests.backend_test.TestIter8NotificationPrefs" name="test_get_prefs_returns_schema_with_7_supported_events" time="0.522" /><testcase classname="backend.tests.backend_test.TestIter8NotificationPrefs" name="test_put_prefs_rejects_phone_without_plus" time="0.060" /><testcase classname="backend.tests.backend_test.TestIter8NotificationPrefs" name="test_put_prefs_roundtrip_get_returns_same_values" time="0.124" /><testcase classname="backend.tests.backend_test.TestIter8NotificationPrefs" name="test_put_prefs_accepts_empty_phone" time="0.062" /><testcase classname="backend.tests.backend_test.TestIter8NotificationTestEndpoint" name="test_email_channel_returns_queued_regardless_of_prefs" time="0.274" /><testcase classname="backend.tests.backend_test.TestIter8NotificationTestEndpoint" name="test_email_test_creates_notification_row" time="0.725" /><testcase classname="backend.tests.backend_test.TestIter8NotificationTestEndpoint" name="test_sms_channel_skipped_when_twilio_unconfigured" time="0.127" /><testcase classname="backend.tests.backend_test.TestIter8NotificationTestEndpoint" name="test_sms_skip_logs_notification_sends_row_with_error" time="0.729" /><testcase classname="backend.tests.backend_test.TestIter8NotificationTestEndpoint" name="test_whatsapp_channel_also_skipped" time="0.212" /><testcase classname="backend.tests.backend_test.TestIter8NotificationTestEndpoint" name="test_invalid_channel_returns_400" time="0.063" /><testcase classname="backend.tests.backend_test.TestIter8NotificationTestEndpoint" name="test_test_endpoint_without_workspace_membership_forbidden" time="0.416" /><testcase classname="backend.tests.backend_test.TestIter8IntegrationsHealthTwilio" name="test_integrations_health_includes_twilio_key" time="14.425" /><testcase classname="backend.tests.backend_test.TestIter8SupportedEventsImport" name="test_supported_event_types_set_matches_spec" time="0.205" /><testcase classname="backend.tests.backend_test.TestIter8NotificationsRegression" name="test_list_mark_read_and_mark_all_read" time="0.665" /></testsuite></testsuites>