<?xml version="1.0" encoding="utf-8"?><testsuites name="pytest tests"><testsuite name="pytest" errors="0" failures="1" skipped="0" tests="25" time="8.849" timestamp="2026-05-13T12:49:36.319863+00:00" hostname="agent-env-66e0c399-2aba-47e7-8376-6b0f823b124d"><testcase classname="tests.test_iter19_notif_dispatch.TestAdminSends" name="test_sends_returns_list" time="0.562" /><testcase classname="tests.test_iter19_notif_dispatch.TestAdminSends" name="test_sends_workspace_filter" time="0.094" /><testcase classname="tests.test_iter19_notif_dispatch.TestAdminSends" name="test_sends_admin_only" time="0.412" /><testcase classname="tests.test_iter19_notif_dispatch.TestAdminFire" name="test_fire_each_event[app_restarted]" time="0.592" /><testcase classname="tests.test_iter19_notif_dispatch.TestAdminFire" name="test_fire_each_event[deploy_failed]" time="0.497" /><testcase classname="tests.test_iter19_notif_dispatch.TestAdminFire" name="test_fire_each_event[deploy_succeeded]" time="0.502" /><testcase classname="tests.test_iter19_notif_dispatch.TestAdminFire" name="test_fire_each_event[app_down]" time="0.508" /><testcase classname="tests.test_iter19_notif_dispatch.TestAdminFire" name="test_fire_each_event[app_recovered]" time="0.487" /><testcase classname="tests.test_iter19_notif_dispatch.TestAdminFire" name="test_fire_each_event[ssl_invalid]" time="0.515" /><testcase classname="tests.test_iter19_notif_dispatch.TestAdminFire" name="test_fire_each_event[domain_expiring]" time="0.475" /><testcase classname="tests.test_iter19_notif_dispatch.TestAdminFire" name="test_fire_each_event[build_warning]" time="0.080" /><testcase classname="tests.test_iter19_notif_dispatch.TestAdminFire" name="test_fire_each_event[credits_low]" time="0.079" /><testcase classname="tests.test_iter19_notif_dispatch.TestAdminFire" name="test_fire_unknown_event_400" time="0.082" /><testcase classname="tests.test_iter19_notif_dispatch.TestAdminFire" name="test_fire_admin_only" time="0.095" /><testcase classname="tests.test_iter19_notif_dispatch.TestAdminFire" name="test_fire_force_bypass_cooldown" time="0.168" /><testcase classname="tests.test_iter19_notif_dispatch.TestAdminFire" name="test_fire_writes_inapp_bell" time="1.083" /><testcase classname="tests.test_iter19_notif_dispatch.TestRestartWiring" name="test_restart_fires_app_restarted" time="1.933" /><testcase classname="tests.test_iter19_notif_dispatch.TestPrefsRegression" name="test_prefs_lists_new_events" time="0.062" /><testcase classname="tests.test_iter19_notif_dispatch.TestPrefsRegression" name="test_test_button_still_works" time="0.101" /><testcase classname="tests.test_iter19_notif_dispatch" name="test_scheduler_has_health_audit_job_placeholder" time="0.000" /><testcase classname="tests.test_iter19_notif_dispatch" name="test_scheduler_has_health_audit_job" time="0.000" /><testcase classname="tests.test_iter19_notif_dispatch" name="test_dispatch_cooldown_skips_second_call" time="0.294"><failure message="AssertionError: second call should be cooldown-skipped, got {'event': 'build_warning', 'members': 1, 'results': [{'user_id': '321dab14-16ec-424a-8ac9-000a3e142e9a', 'results': []}]}&#10;assert None == 'cooldown'&#10; +  where None = &lt;built-in method get of dict object at 0xf879f4bd19c0&gt;('skipped')&#10; +    where &lt;built-in method get of dict object at 0xf879f4bd19c0&gt; = {'event': 'build_warning', 'members': 1, 'results': [{'results': [], 'user_id': '321dab14-16ec-424a-8ac9-000a3e142e9a'}]}.get">tests/test_iter19_notif_dispatch.py:354: in test_dispatch_cooldown_skips_second_call
    asyncio.run(_impl_dispatch_cooldown_skips_second_call())
/usr/local/lib/python3.11/asyncio/runners.py:190: in run
    return runner.run(main)
           ^^^^^^^^^^^^^^^^
/usr/local/lib/python3.11/asyncio/runners.py:118: in run
    return self._loop.run_until_complete(task)
           ^^^^^^^^^^^^^^^^^^^^^^^^^^^^^^^^^^^
/usr/local/lib/python3.11/asyncio/base_events.py:654: in run_until_complete
    return future.result()
           ^^^^^^^^^^^^^^^
tests/test_iter19_notif_dispatch.py:266: in _impl_dispatch_cooldown_skips_second_call
    assert r2.get("skipped") == "cooldown", f"second call should be cooldown-skipped, got {r2}"
E   AssertionError: second call should be cooldown-skipped, got {'event': 'build_warning', 'members': 1, 'results': [{'user_id': '321dab14-16ec-424a-8ac9-000a3e142e9a', 'results': []}]}
E   assert None == 'cooldown'
E    +  where None = &lt;built-in method get of dict object at 0xf879f4bd19c0&gt;('skipped')
E    +    where &lt;built-in method get of dict object at 0xf879f4bd19c0&gt; = {'event': 'build_warning', 'members': 1, 'results': [{'results': [], 'user_id': '321dab14-16ec-424a-8ac9-000a3e142e9a'}]}.get</failure></testcase><testcase classname="tests.test_iter19_notif_dispatch" name="test_dispatch_no_prefs_still_writes_bell" time="0.007" /><testcase classname="tests.test_iter19_notif_dispatch" name="test_supported_event_types_complete" time="0.001" /><testcase classname="tests.test_iter19_notif_dispatch" name="test_probe_ssl_unreachable" time="0.050" /></testsuite></testsuites>