<?xml version="1.0" encoding="utf-8"?><testsuites name="pytest tests"><testsuite name="pytest" errors="0" failures="0" skipped="0" tests="11" time="9.406" timestamp="2026-05-12T14:01:50.289507+00:00" hostname="agent-env-81fb5d3b-cb49-42e7-bf64-8969135782aa"><testcase classname="tests.test_routing_healer.TestRBAC" name="test_anon_run_healer_401" time="0.335" /><testcase classname="tests.test_routing_healer.TestRBAC" name="test_anon_heal_app_401" time="0.128" /><testcase classname="tests.test_routing_healer.TestRBAC" name="test_demo_run_healer_403" time="0.599" /><testcase classname="tests.test_routing_healer.TestRBAC" name="test_demo_heal_app_403" time="0.094" /><testcase classname="tests.test_routing_healer.TestHealerTick" name="test_admin_run_healer_200_no_crash" time="0.483" /><testcase classname="tests.test_routing_healer.TestHealApp" name="test_heal_app_not_found" time="0.089" /><testcase classname="tests.test_routing_healer.TestHealApp" name="test_heal_app_with_seeded_doc" time="6.959" /><testcase classname="tests.test_routing_healer.TestRegression" name="test_get_subdomain_pool" time="0.114" /><testcase classname="tests.test_routing_healer.TestRegression" name="test_post_refill_pool" time="0.127" /><testcase classname="tests.test_routing_healer.TestRegression" name="test_put_pool_target_persists" time="0.381" /><testcase classname="tests.test_routing_healer.TestImportSanity" name="test_routing_healer_imports" time="0.036" /></testsuite></testsuites>