<?xml version="1.0" encoding="utf-8"?><testsuites name="pytest tests"><testsuite name="pytest" errors="0" failures="0" skipped="0" tests="29" time="5.435" timestamp="2026-05-13T12:55:30.479774+00:00" hostname="agent-env-66e0c399-2aba-47e7-8376-6b0f823b124d"><testcase classname="tests.test_iter19_notif_dispatch.TestAdminSends" name="test_sends_returns_list" time="0.468" /><testcase classname="tests.test_iter19_notif_dispatch.TestAdminSends" name="test_sends_workspace_filter" time="0.050" /><testcase classname="tests.test_iter19_notif_dispatch.TestAdminSends" name="test_sends_admin_only" time="0.386" /><testcase classname="tests.test_iter19_notif_dispatch.TestAdminFire" name="test_fire_each_event[app_restarted]" time="0.055" /><testcase classname="tests.test_iter19_notif_dispatch.TestAdminFire" name="test_fire_each_event[deploy_failed]" time="0.054" /><testcase classname="tests.test_iter19_notif_dispatch.TestAdminFire" name="test_fire_each_event[deploy_succeeded]" time="0.062" /><testcase classname="tests.test_iter19_notif_dispatch.TestAdminFire" name="test_fire_each_event[app_down]" time="0.055" /><testcase classname="tests.test_iter19_notif_dispatch.TestAdminFire" name="test_fire_each_event[app_recovered]" time="0.051" /><testcase classname="tests.test_iter19_notif_dispatch.TestAdminFire" name="test_fire_each_event[ssl_invalid]" time="0.047" /><testcase classname="tests.test_iter19_notif_dispatch.TestAdminFire" name="test_fire_each_event[domain_expiring]" time="0.049" /><testcase classname="tests.test_iter19_notif_dispatch.TestAdminFire" name="test_fire_each_event[build_warning]" time="0.047" /><testcase classname="tests.test_iter19_notif_dispatch.TestAdminFire" name="test_fire_each_event[credits_low]" time="0.051" /><testcase classname="tests.test_iter19_notif_dispatch.TestAdminFire" name="test_fire_unknown_event_400" time="0.054" /><testcase classname="tests.test_iter19_notif_dispatch.TestAdminFire" name="test_fire_admin_only" time="0.051" /><testcase classname="tests.test_iter19_notif_dispatch.TestAdminFire" name="test_fire_force_bypass_cooldown" time="0.103" /><testcase classname="tests.test_iter19_notif_dispatch.TestAdminFire" name="test_fire_writes_inapp_bell" time="0.622" /><testcase classname="tests.test_iter19_notif_dispatch.TestRestartWiring" name="test_restart_fires_app_restarted" time="1.488" /><testcase classname="tests.test_iter19_notif_dispatch.TestPrefsRegression" name="test_prefs_lists_new_events" time="0.056" /><testcase classname="tests.test_iter19_notif_dispatch.TestPrefsRegression" name="test_test_button_still_works" time="0.048" /><testcase classname="tests.test_iter19_notif_dispatch" name="test_scheduler_has_health_audit_job_placeholder" time="0.000" /><testcase classname="tests.test_iter19_notif_dispatch" name="test_scheduler_has_health_audit_job" time="0.000" /><testcase classname="tests.test_iter19_notif_dispatch" name="test_dispatch_cooldown_skips_second_call" time="0.285" /><testcase classname="tests.test_iter19_notif_dispatch" name="test_dispatch_no_prefs_still_writes_bell" time="0.008" /><testcase classname="tests.test_iter19_notif_dispatch" name="test_supported_event_types_complete" time="0.000" /><testcase classname="tests.test_iter19_notif_dispatch" name="test_probe_ssl_unreachable" time="0.049" /><testcase classname="tests.test_iter19_notif_dispatch" name="test_event_cooldowns_has_unique_index" time="0.004" /><testcase classname="tests.test_iter19_notif_dispatch" name="test_cooldown_only_one_row_after_two_calls" time="0.007" /><testcase classname="tests.test_iter19_notif_dispatch" name="test_email_no_double_inapp" time="0.009" /><testcase classname="tests.test_iter19_notif_dispatch.TestEmailChannelLogged" name="test_email_channel_logged_in_sends" time="1.174" /></testsuite></testsuites>