<?xml version="1.0" encoding="utf-8"?><testsuites name="pytest tests"><testsuite name="pytest" errors="0" failures="1" skipped="0" tests="22" time="3.854" timestamp="2026-05-11T14:08:56.874791+00:00" hostname="agent-env-0ef3ea6a-06ee-4181-8e18-b73f14dbb73f"><testcase classname="tests.test_iter9_fleet_webhooks.TestFleetOverviewAgency" name="test_overview_returns_fleet_enabled" time="0.593" /><testcase classname="tests.test_iter9_fleet_webhooks.TestFleetOverviewAgency" name="test_apps_have_health_and_primary_url_keys" time="0.083" /><testcase classname="tests.test_iter9_fleet_webhooks.TestFleetOverviewAgency" name="test_workspaces_sorted_problem_first" time="0.078" /><testcase classname="tests.test_iter9_fleet_webhooks.TestFleetOverviewFree" name="test_free_plan_returns_disabled" time="0.220" /><testcase classname="tests.test_iter9_fleet_webhooks.TestFleetOverviewFree" name="test_bulk_redeploy_402_for_non_eligible" time="0.156" /><testcase classname="tests.test_iter9_fleet_webhooks.TestBulkRedeploy" name="test_bulk_redeploy_eligible_returns_queue" time="0.082" /><testcase classname="tests.test_iter9_fleet_webhooks.TestCreateAppWebhookFields" name="test_create_app_has_webhook_fields" time="0.292" /><testcase classname="tests.test_iter9_fleet_webhooks.TestCreateAppWebhookFields" name="test_get_webhook_endpoint_shape" time="0.071" /><testcase classname="tests.test_iter9_fleet_webhooks.TestCreateAppWebhookFields" name="test_toggle_webhook" time="0.145" /><testcase classname="tests.test_iter9_fleet_webhooks.TestCreateAppWebhookFields" name="test_rotate_webhook_changes_secret" time="0.156" /><testcase classname="tests.test_iter9_fleet_webhooks.TestCreateAppWebhookFields" name="test_manual_register_returns_skipped_when_no_token" time="0.074" /><testcase classname="tests.test_iter9_fleet_webhooks.TestGitHubWebhookIngress" name="test_invalid_signature_returns_401" time="0.144" /><testcase classname="tests.test_iter9_fleet_webhooks.TestGitHubWebhookIngress" name="test_ping_event_returns_pong" time="0.143"><failure message="assert 202 == 200&#10; +  where 202 = &lt;Response [202]&gt;.status_code">tests/test_iter9_fleet_webhooks.py:278: in test_ping_event_returns_pong
    assert r.status_code == 200
E   assert 202 == 200
E    +  where 202 = &lt;Response [202]&gt;.status_code</failure></testcase><testcase classname="tests.test_iter9_fleet_webhooks.TestGitHubWebhookIngress" name="test_push_to_matching_branch_queues_deployment" time="0.154" /><testcase classname="tests.test_iter9_fleet_webhooks.TestGitHubWebhookIngress" name="test_push_to_non_matching_branch_ignored" time="0.133" /><testcase classname="tests.test_iter9_fleet_webhooks.TestGitHubWebhookIngress" name="test_nonexistent_app_returns_404" time="0.129" /><testcase classname="tests.test_iter9_fleet_webhooks.TestAuthRequirements" name="test_fleet_overview_requires_auth" time="0.193" /><testcase classname="tests.test_iter9_fleet_webhooks.TestAuthRequirements" name="test_bulk_redeploy_requires_auth" time="0.061" /><testcase classname="tests.test_iter9_fleet_webhooks.TestAuthRequirements" name="test_webhook_get_requires_auth" time="0.065" /><testcase classname="tests.test_iter9_fleet_webhooks.TestAuthRequirements" name="test_github_ingress_does_not_require_session_auth" time="0.074" /><testcase classname="tests.test_iter9_fleet_webhooks.TestZCleanup" name="test_delete_test_app" time="0.360" /><testcase classname="tests.test_iter9_fleet_webhooks.TestIntegrationsHealthRegression" name="test_integrations_health_shape" time="0.329" /></testsuite></testsuites>