<?xml version="1.0" encoding="utf-8"?><testsuites name="pytest tests"><testsuite name="pytest" errors="0" failures="0" skipped="0" tests="50" time="32.315" timestamp="2026-05-06T18:37:05.376907+00:00" hostname="agent-env-52f86f17-d633-4e43-99b4-70eee65b877b"><testcase classname="backend.tests.backend_test.TestHealth" name="test_health" time="0.257" /><testcase classname="backend.tests.backend_test.TestHealth" name="test_root" time="0.385" /><testcase classname="backend.tests.backend_test.TestAuth" name="test_register_new_user_sets_cookies_and_bootstraps_workspace" time="0.446" /><testcase classname="backend.tests.backend_test.TestAuth" name="test_register_duplicate_email_rejected" time="0.522" /><testcase classname="backend.tests.backend_test.TestAuth" name="test_login_demo_and_me" time="0.074" /><testcase classname="backend.tests.backend_test.TestAuth" name="test_auth_required_without_cookie_returns_401" time="0.267" /><testcase classname="backend.tests.backend_test.TestAuth" name="test_brute_force_lockout_returns_429" time="1.021" /><testcase classname="backend.tests.backend_test.TestWorkspaces" name="test_list_workspaces_demo_is_owner_of_acme" time="0.072" /><testcase classname="backend.tests.backend_test.TestWorkspaces" name="test_create_agency_workspace" time="0.137" /><testcase classname="backend.tests.backend_test.TestProjects" name="test_list_projects_seeded_novabrew" time="0.271" /><testcase classname="backend.tests.backend_test.TestProjects" name="test_create_get_delete_project" time="0.226" /><testcase classname="backend.tests.backend_test.TestApps" name="test_list_seeded_apps" time="0.078" /><testcase classname="backend.tests.backend_test.TestApps" name="test_create_app_and_stub_completes" time="11.729" /><testcase classname="backend.tests.backend_test.TestAppsIter4" name="test_patch_app_updates_fields_and_is_idempotent" time="0.862" /><testcase classname="backend.tests.backend_test.TestAppsIter4" name="test_github_branches_fallback_no_token" time="0.152" /><testcase classname="backend.tests.backend_test.TestAppsIter4" name="test_github_branches_invalid_url_returns_empty" time="0.077" /><testcase classname="backend.tests.backend_test.TestAppsIter4" name="test_github_commits_no_token_returns_empty" time="0.083" /><testcase classname="backend.tests.backend_test.TestAppsIter4" name="test_redeploy_with_branch_and_commit" time="1.115" /><testcase classname="backend.tests.backend_test.TestAppsIter4" name="test_redeploy_empty_body_uses_current_branch" time="0.714" /><testcase classname="backend.tests.backend_test.TestAppsIter5" name="test_patch_tier_and_protected_branches" time="0.203" /><testcase classname="backend.tests.backend_test.TestAppsIter5" name="test_redeploy_branch_protection_403_and_allowed_200" time="0.854" /><testcase classname="backend.tests.backend_test.TestAppsIter5" name="test_rollback_creates_new_deployment" time="0.723" /><testcase classname="backend.tests.backend_test.TestAppsIter5" name="test_rollback_inflight_returns_400" time="0.574" /><testcase classname="backend.tests.backend_test.TestAppsIter5" name="test_rollback_branch_protection_403" time="0.292" /><testcase classname="backend.tests.backend_test.TestAppsIter5" name="test_health_endpoint_with_url" time="0.385" /><testcase classname="backend.tests.backend_test.TestAppsIter5" name="test_health_endpoint_no_url" time="0.337" /><testcase classname="backend.tests.backend_test.TestAppsIter5" name="test_no_app_stuck_building_indefinitely" time="0.346" /><testcase classname="backend.tests.backend_test.TestDomains" name="test_create_verify_list_and_duplicate_domain" time="0.488" /><testcase classname="backend.tests.backend_test.TestMonitoring" name="test_overview" time="0.096" /><testcase classname="backend.tests.backend_test.TestAlerts" name="test_alert_crud" time="0.451" /><testcase classname="backend.tests.backend_test.TestBilling" name="test_plans_eur" time="0.150" /><testcase classname="backend.tests.backend_test.TestBilling" name="test_countries_27_eu_plus_extras" time="0.141" /><testcase classname="backend.tests.backend_test.TestBilling" name="test_profile_nl_b2c_returns_21" time="0.155" /><testcase classname="backend.tests.backend_test.TestBilling" name="test_profile_de_b2c_returns_19" time="0.070" /><testcase classname="backend.tests.backend_test.TestBilling" name="test_profile_us_returns_zero" time="0.071" /><testcase classname="backend.tests.backend_test.TestBilling" name="test_profile_de_invalid_vat_falls_back_to_b2c" time="0.070" /><testcase classname="backend.tests.backend_test.TestBilling" name="test_vat_validate_malformed" time="0.066" /><testcase classname="backend.tests.backend_test.TestBilling" name="test_vat_validate_invalid_or_unreachable" time="0.486" /><testcase classname="backend.tests.backend_test.TestBilling" name="test_hobby_checkout_returns_active_no_url" time="0.096" /><testcase classname="backend.tests.backend_test.TestBilling" name="test_pro_checkout_requires_profile_then_returns_mollie_url" time="2.702" /><testcase classname="backend.tests.backend_test.TestBilling" name="test_pro_checkout_without_profile_returns_400" time="0.573" /><testcase classname="backend.tests.backend_test.TestBilling" name="test_cancel_drops_workspace_to_hobby" time="0.142" /><testcase classname="backend.tests.backend_test.TestBilling" name="test_invoices_list_shape" time="0.068" /><testcase classname="backend.tests.backend_test.TestBilling" name="test_invoice_pdf_404_for_unknown" time="0.072" /><testcase classname="backend.tests.backend_test.TestBilling" name="test_webhook_unknown_payment_returns_200" time="0.364" /><testcase classname="backend.tests.backend_test.TestNotifications" name="test_notifications_flow" time="0.232" /><testcase classname="backend.tests.backend_test.TestGitHub" name="test_repos_returns_5" time="0.074" /><testcase classname="backend.tests.backend_test.TestSettings" name="test_update_name_and_change_password" time="1.614" /><testcase classname="backend.tests.backend_test.TestIntegrations" name="test_integrations_health" time="1.172" /><testcase classname="backend.tests.backend_test.TestIsolation" name="test_stranger_cannot_read_others_apps" time="0.499" /></testsuite></testsuites>