<?xml version="1.0" encoding="utf-8"?><testsuites name="pytest tests"><testsuite name="pytest" errors="0" failures="1" skipped="0" tests="78" time="70.602" timestamp="2026-05-11T13:24:26.714911+00:00" hostname="agent-env-0ef3ea6a-06ee-4181-8e18-b73f14dbb73f"><testcase classname="backend.tests.backend_test.TestHealth" name="test_health" time="0.137" /><testcase classname="backend.tests.backend_test.TestHealth" name="test_root" time="0.120" /><testcase classname="backend.tests.backend_test.TestAuth" name="test_register_new_user_sets_cookies_and_bootstraps_workspace" time="0.429" /><testcase classname="backend.tests.backend_test.TestAuth" name="test_register_duplicate_email_rejected" time="0.485" /><testcase classname="backend.tests.backend_test.TestAuth" name="test_login_demo_and_me" time="0.068" /><testcase classname="backend.tests.backend_test.TestAuth" name="test_auth_required_without_cookie_returns_401" time="0.278" /><testcase classname="backend.tests.backend_test.TestAuth" name="test_brute_force_lockout_returns_429" time="0.960" /><testcase classname="backend.tests.backend_test.TestWorkspaces" name="test_list_workspaces_demo_is_owner_of_acme" time="0.068" /><testcase classname="backend.tests.backend_test.TestWorkspaces" name="test_create_agency_workspace" time="0.133" /><testcase classname="backend.tests.backend_test.TestProjects" name="test_list_projects_seeded_novabrew" time="0.214" /><testcase classname="backend.tests.backend_test.TestProjects" name="test_create_get_delete_project" time="0.198" /><testcase classname="backend.tests.backend_test.TestApps" name="test_list_seeded_apps" time="0.064" /><testcase classname="backend.tests.backend_test.TestApps" name="test_create_app_and_stub_completes" time="16.208" /><testcase classname="backend.tests.backend_test.TestAppsIter4" name="test_patch_app_updates_fields_and_is_idempotent" time="0.286" /><testcase classname="backend.tests.backend_test.TestAppsIter4" name="test_github_branches_fallback_no_token" time="0.144" /><testcase classname="backend.tests.backend_test.TestAppsIter4" name="test_github_branches_invalid_url_returns_empty" time="0.071" /><testcase classname="backend.tests.backend_test.TestAppsIter4" name="test_github_commits_no_token_returns_empty" time="0.069" /><testcase classname="backend.tests.backend_test.TestAppsIter4" name="test_redeploy_with_branch_and_commit" time="0.205" /><testcase classname="backend.tests.backend_test.TestAppsIter4" name="test_redeploy_empty_body_uses_current_branch" time="0.137" /><testcase classname="backend.tests.backend_test.TestAppsIter5" name="test_patch_tier_and_protected_branches" time="0.195" /><testcase classname="backend.tests.backend_test.TestAppsIter5" name="test_redeploy_branch_protection_403_and_allowed_200" time="0.277" /><testcase classname="backend.tests.backend_test.TestAppsIter5" name="test_rollback_creates_new_deployment" time="0.195" /><testcase classname="backend.tests.backend_test.TestAppsIter5" name="test_rollback_inflight_returns_400" time="0.139" /><testcase classname="backend.tests.backend_test.TestAppsIter5" name="test_rollback_branch_protection_403" time="0.331" /><testcase classname="backend.tests.backend_test.TestAppsIter5" name="test_health_endpoint_with_url" time="0.889" /><testcase classname="backend.tests.backend_test.TestAppsIter5" name="test_health_endpoint_no_url" time="0.325" /><testcase classname="backend.tests.backend_test.TestAppsIter5" name="test_no_app_stuck_building_indefinitely" time="0.284" /><testcase classname="backend.tests.backend_test.TestIter6LogParser" name="test_severity_classification" time="0.001" /><testcase classname="backend.tests.backend_test.TestIter6AutoDetectBranch" name="test_autodetect_canary_for_vercel_nextjs" time="0.300" /><testcase classname="backend.tests.backend_test.TestIter6AutoDetectBranch" name="test_shadcn_ui_main_stays_main" time="0.359" /><testcase classname="backend.tests.backend_test.TestIter6AutoDetectBranch" name="test_non_github_url_falls_back" time="0.202" /><testcase classname="backend.tests.backend_test.TestIter6DeploymentAnnotations" name="test_deployment_rows_have_parsed_logs_and_counts" time="0.207" /><testcase classname="backend.tests.backend_test.TestIter6DeploymentAnnotations" name="test_novabrew_web_has_failure_summary" time="0.156" /><testcase classname="backend.tests.backend_test.TestIter6SSEStream" name="test_sse_unauthorized_without_cookie" time="0.357" /><testcase classname="backend.tests.backend_test.TestIter6SSEStream" name="test_sse_emits_event_line" time="0.222" /><testcase classname="backend.tests.backend_test.TestDomains" name="test_create_verify_list_and_duplicate_domain" time="0.789" /><testcase classname="backend.tests.backend_test.TestMonitoring" name="test_overview" time="0.079" /><testcase classname="backend.tests.backend_test.TestAlerts" name="test_alert_crud" time="0.355" /><testcase classname="backend.tests.backend_test.TestBilling" name="test_plans_eur" time="0.222" /><testcase classname="backend.tests.backend_test.TestBilling" name="test_countries_27_eu_plus_extras" time="0.124" /><testcase classname="backend.tests.backend_test.TestBilling" name="test_profile_nl_b2c_returns_21" time="0.154" /><testcase classname="backend.tests.backend_test.TestBilling" name="test_profile_de_b2c_returns_19" time="0.070" /><testcase classname="backend.tests.backend_test.TestBilling" name="test_profile_us_returns_zero" time="0.067" /><testcase classname="backend.tests.backend_test.TestBilling" name="test_profile_de_invalid_vat_falls_back_to_b2c" time="0.073" /><testcase classname="backend.tests.backend_test.TestBilling" name="test_vat_validate_malformed" time="0.070" /><testcase classname="backend.tests.backend_test.TestBilling" name="test_vat_validate_invalid_or_unreachable" time="1.860" /><testcase classname="backend.tests.backend_test.TestBilling" name="test_hobby_checkout_returns_active_no_url" time="0.069" /><testcase classname="backend.tests.backend_test.TestBilling" name="test_pro_checkout_requires_profile_then_returns_mollie_url" time="0.595" /><testcase classname="backend.tests.backend_test.TestBilling" name="test_pro_checkout_without_profile_returns_400" time="0.472" /><testcase classname="backend.tests.backend_test.TestBilling" name="test_cancel_drops_workspace_to_free" time="0.162" /><testcase classname="backend.tests.backend_test.TestBilling" name="test_invoices_list_shape" time="0.076" /><testcase classname="backend.tests.backend_test.TestBilling" name="test_invoice_pdf_404_for_unknown" time="0.079" /><testcase classname="backend.tests.backend_test.TestBilling" name="test_webhook_unknown_payment_returns_200" time="0.358" /><testcase classname="backend.tests.backend_test.TestNotifications" name="test_notifications_flow" time="0.226" /><testcase classname="backend.tests.backend_test.TestGitHub" name="test_repos_returns_5" time="0.067" /><testcase classname="backend.tests.backend_test.TestSettings" name="test_update_name_and_change_password" time="1.666" /><testcase classname="backend.tests.backend_test.TestIntegrations" name="test_integrations_health" time="15.013"><failure message="requests.exceptions.ReadTimeout: HTTPSConnectionPool(host='agency-fleet.preview.emergentagent.com', port=443): Read timed out. (read timeout=15)">E   TimeoutError: The read operation timed out

The above exception was the direct cause of the following exception:
E   urllib3.exceptions.ReadTimeoutError: HTTPSConnectionPool(host='agency-fleet.preview.emergentagent.com', port=443): Read timed out. (read timeout=15)

During handling of the above exception, another exception occurred:
E   requests.exceptions.ReadTimeout: HTTPSConnectionPool(host='agency-fleet.preview.emergentagent.com', port=443): Read timed out. (read timeout=15)</failure></testcase><testcase classname="backend.tests.backend_test.TestIter7P0Fast" name="test_redeploy_returns_under_2s" time="0.507" /><testcase classname="backend.tests.backend_test.TestIter7P0Fast" name="test_patch_app_returns_under_2s" time="0.071" /><testcase classname="backend.tests.backend_test.TestIter7P0Fast" name="test_put_env_returns_under_2s" time="0.070" /><testcase classname="backend.tests.backend_test.TestIter7P0Fast" name="test_redeploy_logs_show_attempt_lines" time="2.226" /><testcase classname="backend.tests.backend_test.TestIter7P0Fast" name="test_watchdog_scheduler_registered" time="0.081" /><testcase classname="backend.tests.backend_test.TestIter7SitePreview" name="test_site_preview_component_has_insecure_origin_fallback" time="0.000" /><testcase classname="backend.tests.backend_test.TestIsolation" name="test_stranger_cannot_read_others_apps" time="0.422" /><testcase classname="backend.tests.backend_test.TestIter8NotificationPrefs" name="test_get_prefs_returns_schema_with_7_supported_events" time="0.071" /><testcase classname="backend.tests.backend_test.TestIter8NotificationPrefs" name="test_put_prefs_rejects_phone_without_plus" time="0.068" /><testcase classname="backend.tests.backend_test.TestIter8NotificationPrefs" name="test_put_prefs_roundtrip_get_returns_same_values" time="0.140" /><testcase classname="backend.tests.backend_test.TestIter8NotificationPrefs" name="test_put_prefs_accepts_empty_phone" time="0.070" /><testcase classname="backend.tests.backend_test.TestIter8NotificationTestEndpoint" name="test_email_channel_returns_queued_regardless_of_prefs" time="0.145" /><testcase classname="backend.tests.backend_test.TestIter8NotificationTestEndpoint" name="test_email_test_creates_notification_row" time="0.762" /><testcase classname="backend.tests.backend_test.TestIter8NotificationTestEndpoint" name="test_sms_channel_skipped_when_twilio_unconfigured" time="0.198" /><testcase classname="backend.tests.backend_test.TestIter8NotificationTestEndpoint" name="test_sms_skip_logs_notification_sends_row_with_error" time="0.771" /><testcase classname="backend.tests.backend_test.TestIter8NotificationTestEndpoint" name="test_whatsapp_channel_also_skipped" time="0.140" /><testcase classname="backend.tests.backend_test.TestIter8NotificationTestEndpoint" name="test_invalid_channel_returns_400" time="0.089" /><testcase classname="backend.tests.backend_test.TestIter8NotificationTestEndpoint" name="test_test_endpoint_without_workspace_membership_forbidden" time="0.444" /><testcase classname="backend.tests.backend_test.TestIter8IntegrationsHealthTwilio" name="test_integrations_health_includes_twilio_key" time="15.926" /><testcase classname="backend.tests.backend_test.TestIter8SupportedEventsImport" name="test_supported_event_types_set_matches_spec" time="0.202" /><testcase classname="backend.tests.backend_test.TestIter8NotificationsRegression" name="test_list_mark_read_and_mark_all_read" time="0.697" /></testsuite></testsuites>