<?xml version="1.0" encoding="utf-8"?><testsuites name="pytest tests"><testsuite name="pytest" errors="0" failures="0" skipped="0" tests="24" time="14.774" timestamp="2026-05-11T15:20:41.379841+00:00" hostname="agent-env-0ef3ea6a-06ee-4181-8e18-b73f14dbb73f"><testcase classname="backend.tests.test_iter11_sprint6.TestPairing" name="test_create_with_environment_staging" time="0.800" /><testcase classname="backend.tests.test_iter11_sprint6.TestPairing" name="test_create_with_environment_production" time="0.169" /><testcase classname="backend.tests.test_iter11_sprint6.TestPairing" name="test_environment_defaults_to_production" time="0.173" /><testcase classname="backend.tests.test_iter11_sprint6.TestPairing" name="test_pair_candidates_returns_opposite_env" time="0.513" /><testcase classname="backend.tests.test_iter11_sprint6.TestPairing" name="test_pair_and_unpair" time="0.760" /><testcase classname="backend.tests.test_iter11_sprint6.TestPairing" name="test_pair_same_environment_rejected" time="0.417" /><testcase classname="backend.tests.test_iter11_sprint6.TestPairing" name="test_pair_self_rejected" time="0.272" /><testcase classname="backend.tests.test_iter11_sprint6.TestPairing" name="test_promote_copies_env_and_queues_deployment" time="1.773" /><testcase classname="backend.tests.test_iter11_sprint6.TestPairing" name="test_promote_without_pair_400" time="0.230" /><testcase classname="backend.tests.test_iter11_sprint6.TestAdminUsers" name="test_list_users_basic" time="0.489" /><testcase classname="backend.tests.test_iter11_sprint6.TestAdminUsers" name="test_list_users_search" time="0.073" /><testcase classname="backend.tests.test_iter11_sprint6.TestAdminUsers" name="test_list_users_non_admin_403" time="0.060" /><testcase classname="backend.tests.test_iter11_sprint6.TestAdminUsers" name="test_user_detail" time="0.180" /><testcase classname="backend.tests.test_iter11_sprint6.TestAdminUsers" name="test_password_reset_min_length" time="0.141" /><testcase classname="backend.tests.test_iter11_sprint6.TestAdminUsers" name="test_password_reset_and_audit" time="1.299" /><testcase classname="backend.tests.test_iter11_sprint6.TestAdminUsers" name="test_role_flip_and_last_admin_guard" time="0.297" /><testcase classname="backend.tests.test_iter11_sprint6.TestAdminUsers" name="test_suspend_self_blocked" time="0.151" /><testcase classname="backend.tests.test_iter11_sprint6.TestAdminUsers" name="test_suspend_and_unsuspend_demo" time="0.240" /><testcase classname="backend.tests.test_iter11_sprint6.TestAdminUsers" name="test_delete_self_and_last_admin_guards" time="0.139" /><testcase classname="backend.tests.test_iter11_sprint6.TestAdminUsers" name="test_credits_adjust_and_floor" time="0.363" /><testcase classname="backend.tests.test_iter11_sprint6.TestAdminUsers" name="test_plan_change_and_restore" time="0.284" /><testcase classname="backend.tests.test_iter11_sprint6.TestAdminUsers" name="test_payments_grouped_by_workspace" time="0.152" /><testcase classname="backend.tests.test_iter11_sprint6.TestRegression" name="test_app_create_has_webhook_secret_and_audit" time="0.652" /><testcase classname="backend.tests.test_iter11_sprint6.TestRegression" name="test_demo_workspace_still_on_agency_plan" time="5.034" /></testsuite></testsuites>