<?xml version="1.0" encoding="utf-8"?><testsuites name="pytest tests"><testsuite name="pytest" errors="0" failures="0" skipped="0" tests="18" time="5.537" timestamp="2026-05-11T17:36:08.859156+00:00" hostname="agent-env-dfe82098-7d91-4ec8-aca9-f290fde4a7da"><testcase classname="backend.tests.test_iter12_account.TestAccountSnapshot" name="test_snapshot_shape" time="0.685" /><testcase classname="backend.tests.test_iter12_account.TestAccountPlan" name="test_plan_returns_account_wide_usage" time="0.080" /><testcase classname="backend.tests.test_iter12_account.TestAccountCredits" name="test_credits_balance" time="0.085" /><testcase classname="backend.tests.test_iter12_account.TestAccountCredits" name="test_credits_history" time="0.079" /><testcase classname="backend.tests.test_iter12_account.TestAccountCredits" name="test_credits_packs" time="0.073" /><testcase classname="backend.tests.test_iter12_account.TestAccountBilling" name="test_billing_shape" time="0.081" /><testcase classname="backend.tests.test_iter12_account.TestAccountBilling" name="test_put_billing_profile_computes_vat" time="0.176" /><testcase classname="backend.tests.test_iter12_account.TestAccountProfileAndPassword" name="test_patch_profile_updates_name" time="0.298" /><testcase classname="backend.tests.test_iter12_account.TestAccountProfileAndPassword" name="test_password_wrong_current_returns_400" time="0.297" /><testcase classname="backend.tests.test_iter12_account.TestAccountProfileAndPassword" name="test_password_min_length_8" time="0.071" /><testcase classname="backend.tests.test_iter12_account.TestAccountProfileAndPassword" name="test_password_change_and_relogin" time="2.263" /><testcase classname="backend.tests.test_iter12_account.TestPlanCheckoutFreeAndCancel" name="test_unknown_plan_rejected" time="0.437" /><testcase classname="backend.tests.test_iter12_account.TestPlanCheckoutFreeAndCancel" name="test_free_downgrade_immediate" time="0.059" /><testcase classname="backend.tests.test_iter12_account.TestPlanCheckoutFreeAndCancel" name="test_cancel_subscription" time="0.054" /><testcase classname="backend.tests.test_iter12_account.TestAccountWideLimits" name="test_workspace_usage_resolves_owner_plan" time="0.153" /><testcase classname="backend.tests.test_iter12_account.TestCreditsBackwardCompat" name="test_credits_balance_by_workspace_id" time="0.230" /><testcase classname="backend.tests.test_iter12_account.TestAuthRequired" name="test_account_requires_auth" time="0.132" /><testcase classname="backend.tests.test_iter12_account.TestAuthRequired" name="test_account_plan_requires_auth" time="0.173" /></testsuite></testsuites>